<?xml version="1.0" encoding="UTF-8"?>
<testsuite xmlns:xsi="http://www.w3.org/2001/XMLSchema-instance" xsi:noNamespaceSchemaLocation="https://maven.apache.org/surefire/maven-surefire-plugin/xsd/surefire-test-report-3.0.xsd" version="3.0" name="com.example.LAB3.PatientRecordControllerTest" time="2.437" tests="6" errors="0" skipped="0" failures="1">
  <properties>
    <property name="java.specification.version" value="16"/>
    <property name="sun.jnu.encoding" value="UTF-8"/>
    <property name="java.class.path" value="/home/filipbianga/IdeaProjects/19329_TAU/LAB3/target/test-classes:/home/filipbianga/IdeaProjects/19329_TAU/LAB3/target/classes:/home/filipbianga/.m2/repository/org/springframework/boot/spring-boot-starter-data-jpa/2.6.1/spring-boot-starter-data-jpa-2.6.1.jar:/home/filipbianga/.m2/repository/org/springframework/boot/spring-boot-starter-aop/2.6.1/spring-boot-starter-aop-2.6.1.jar:/home/filipbianga/.m2/repository/org/springframework/spring-aop/5.3.13/spring-aop-5.3.13.jar:/home/filipbianga/.m2/repository/org/aspectj/aspectjweaver/1.9.7/aspectjweaver-1.9.7.jar:/home/filipbianga/.m2/repository/org/springframework/boot/spring-boot-starter-jdbc/2.6.1/spring-boot-starter-jdbc-2.6.1.jar:/home/filipbianga/.m2/repository/com/zaxxer/HikariCP/4.0.3/HikariCP-4.0.3.jar:/home/filipbianga/.m2/repository/org/springframework/spring-jdbc/5.3.13/spring-jdbc-5.3.13.jar:/home/filipbianga/.m2/repository/jakarta/transaction/jakarta.transaction-api/1.3.3/jakarta.transaction-api-1.3.3.jar:/home/filipbianga/.m2/repository/jakarta/persistence/jakarta.persistence-api/2.2.3/jakarta.persistence-api-2.2.3.jar:/home/filipbianga/.m2/repository/org/hibernate/hibernate-core/5.6.1.Final/hibernate-core-5.6.1.Final.jar:/home/filipbianga/.m2/repository/org/jboss/logging/jboss-logging/3.4.2.Final/jboss-logging-3.4.2.Final.jar:/home/filipbianga/.m2/repository/net/bytebuddy/byte-buddy/1.11.22/byte-buddy-1.11.22.jar:/home/filipbianga/.m2/repository/antlr/antlr/2.7.7/antlr-2.7.7.jar:/home/filipbianga/.m2/repository/org/jboss/jandex/2.2.3.Final/jandex-2.2.3.Final.jar:/home/filipbianga/.m2/repository/com/fasterxml/classmate/1.5.1/classmate-1.5.1.jar:/home/filipbianga/.m2/repository/org/hibernate/common/hibernate-commons-annotations/5.1.2.Final/hibernate-commons-annotations-5.1.2.Final.jar:/home/filipbianga/.m2/repository/org/glassfish/jaxb/jaxb-runtime/2.3.5/jaxb-runtime-2.3.5.jar:/home/filipbianga/.m2/repository/org/glassfish/jaxb/txw2/2.3.5/txw2-2.3.5.jar:/home/filipbianga/.m2/repository/com/sun/istack/istack-commons-runtime/3.0.12/istack-commons-runtime-3.0.12.jar:/home/filipbianga/.m2/repository/com/sun/activation/jakarta.activation/1.2.2/jakarta.activation-1.2.2.jar:/home/filipbianga/.m2/repository/org/springframework/data/spring-data-jpa/2.6.0/spring-data-jpa-2.6.0.jar:/home/filipbianga/.m2/repository/org/springframework/data/spring-data-commons/2.6.0/spring-data-commons-2.6.0.jar:/home/filipbianga/.m2/repository/org/springframework/spring-orm/5.3.13/spring-orm-5.3.13.jar:/home/filipbianga/.m2/repository/org/springframework/spring-context/5.3.13/spring-context-5.3.13.jar:/home/filipbianga/.m2/repository/org/springframework/spring-tx/5.3.13/spring-tx-5.3.13.jar:/home/filipbianga/.m2/repository/org/springframework/spring-beans/5.3.13/spring-beans-5.3.13.jar:/home/filipbianga/.m2/repository/org/slf4j/slf4j-api/1.7.32/slf4j-api-1.7.32.jar:/home/filipbianga/.m2/repository/org/springframework/spring-aspects/5.3.13/spring-aspects-5.3.13.jar:/home/filipbianga/.m2/repository/org/springframework/boot/spring-boot-starter-web/2.6.1/spring-boot-starter-web-2.6.1.jar:/home/filipbianga/.m2/repository/org/springframework/boot/spring-boot-starter/2.6.1/spring-boot-starter-2.6.1.jar:/home/filipbianga/.m2/repository/org/springframework/boot/spring-boot-starter-logging/2.6.1/spring-boot-starter-logging-2.6.1.jar:/home/filipbianga/.m2/repository/ch/qos/logback/logback-classic/1.2.7/logback-classic-1.2.7.jar:/home/filipbianga/.m2/repository/ch/qos/logback/logback-core/1.2.7/logback-core-1.2.7.jar:/home/filipbianga/.m2/repository/org/apache/logging/log4j/log4j-to-slf4j/2.14.1/log4j-to-slf4j-2.14.1.jar:/home/filipbianga/.m2/repository/org/apache/logging/log4j/log4j-api/2.14.1/log4j-api-2.14.1.jar:/home/filipbianga/.m2/repository/org/slf4j/jul-to-slf4j/1.7.32/jul-to-slf4j-1.7.32.jar:/home/filipbianga/.m2/repository/jakarta/annotation/jakarta.annotation-api/1.3.5/jakarta.annotation-api-1.3.5.jar:/home/filipbianga/.m2/repository/org/yaml/snakeyaml/1.29/snakeyaml-1.29.jar:/home/filipbianga/.m2/repository/org/springframework/boot/spring-boot-starter-json/2.6.1/spring-boot-starter-json-2.6.1.jar:/home/filipbianga/.m2/repository/com/fasterxml/jackson/core/jackson-databind/2.13.0/jackson-databind-2.13.0.jar:/home/filipbianga/.m2/repository/com/fasterxml/jackson/core/jackson-annotations/2.13.0/jackson-annotations-2.13.0.jar:/home/filipbianga/.m2/repository/com/fasterxml/jackson/core/jackson-core/2.13.0/jackson-core-2.13.0.jar:/home/filipbianga/.m2/repository/com/fasterxml/jackson/datatype/jackson-datatype-jdk8/2.13.0/jackson-datatype-jdk8-2.13.0.jar:/home/filipbianga/.m2/repository/com/fasterxml/jackson/datatype/jackson-datatype-jsr310/2.13.0/jackson-datatype-jsr310-2.13.0.jar:/home/filipbianga/.m2/repository/com/fasterxml/jackson/module/jackson-module-parameter-names/2.13.0/jackson-module-parameter-names-2.13.0.jar:/home/filipbianga/.m2/repository/org/springframework/boot/spring-boot-starter-tomcat/2.6.1/spring-boot-starter-tomcat-2.6.1.jar:/home/filipbianga/.m2/repository/org/apache/tomcat/embed/tomcat-embed-core/9.0.55/tomcat-embed-core-9.0.55.jar:/home/filipbianga/.m2/repository/org/apache/tomcat/embed/tomcat-embed-el/9.0.55/tomcat-embed-el-9.0.55.jar:/home/filipbianga/.m2/repository/org/apache/tomcat/embed/tomcat-embed-websocket/9.0.55/tomcat-embed-websocket-9.0.55.jar:/home/filipbianga/.m2/repository/org/springframework/spring-web/5.3.13/spring-web-5.3.13.jar:/home/filipbianga/.m2/repository/org/springframework/spring-webmvc/5.3.13/spring-webmvc-5.3.13.jar:/home/filipbianga/.m2/repository/org/springframework/spring-expression/5.3.13/spring-expression-5.3.13.jar:/home/filipbianga/.m2/repository/org/springframework/boot/spring-boot-devtools/2.6.1/spring-boot-devtools-2.6.1.jar:/home/filipbianga/.m2/repository/org/springframework/boot/spring-boot/2.6.1/spring-boot-2.6.1.jar:/home/filipbianga/.m2/repository/org/springframework/boot/spring-boot-autoconfigure/2.6.1/spring-boot-autoconfigure-2.6.1.jar:/home/filipbianga/.m2/repository/mysql/mysql-connector-java/8.0.27/mysql-connector-java-8.0.27.jar:/home/filipbianga/.m2/repository/org/projectlombok/lombok/1.18.22/lombok-1.18.22.jar:/home/filipbianga/.m2/repository/org/springframework/boot/spring-boot-starter-test/2.6.1/spring-boot-starter-test-2.6.1.jar:/home/filipbianga/.m2/repository/org/springframework/boot/spring-boot-test/2.6.1/spring-boot-test-2.6.1.jar:/home/filipbianga/.m2/repository/org/springframework/boot/spring-boot-test-autoconfigure/2.6.1/spring-boot-test-autoconfigure-2.6.1.jar:/home/filipbianga/.m2/repository/com/jayway/jsonpath/json-path/2.6.0/json-path-2.6.0.jar:/home/filipbianga/.m2/repository/net/minidev/json-smart/2.4.7/json-smart-2.4.7.jar:/home/filipbianga/.m2/repository/net/minidev/accessors-smart/2.4.7/accessors-smart-2.4.7.jar:/home/filipbianga/.m2/repository/jakarta/xml/bind/jakarta.xml.bind-api/2.3.3/jakarta.xml.bind-api-2.3.3.jar:/home/filipbianga/.m2/repository/jakarta/activation/jakarta.activation-api/1.2.2/jakarta.activation-api-1.2.2.jar:/home/filipbianga/.m2/repository/org/assertj/assertj-core/3.21.0/assertj-core-3.21.0.jar:/home/filipbianga/.m2/repository/org/hamcrest/hamcrest/2.2/hamcrest-2.2.jar:/home/filipbianga/.m2/repository/org/junit/jupiter/junit-jupiter/5.8.1/junit-jupiter-5.8.1.jar:/home/filipbianga/.m2/repository/org/junit/jupiter/junit-jupiter-api/5.8.1/junit-jupiter-api-5.8.1.jar:/home/filipbianga/.m2/repository/org/opentest4j/opentest4j/1.2.0/opentest4j-1.2.0.jar:/home/filipbianga/.m2/repository/org/junit/platform/junit-platform-commons/1.8.1/junit-platform-commons-1.8.1.jar:/home/filipbianga/.m2/repository/org/apiguardian/apiguardian-api/1.1.2/apiguardian-api-1.1.2.jar:/home/filipbianga/.m2/repository/org/junit/jupiter/junit-jupiter-params/5.8.1/junit-jupiter-params-5.8.1.jar:/home/filipbianga/.m2/repository/org/junit/jupiter/junit-jupiter-engine/5.8.1/junit-jupiter-engine-5.8.1.jar:/home/filipbianga/.m2/repository/org/junit/platform/junit-platform-engine/1.8.1/junit-platform-engine-1.8.1.jar:/home/filipbianga/.m2/repository/org/mockito/mockito-core/4.0.0/mockito-core-4.0.0.jar:/home/filipbianga/.m2/repository/net/bytebuddy/byte-buddy-agent/1.11.22/byte-buddy-agent-1.11.22.jar:/home/filipbianga/.m2/repository/org/objenesis/objenesis/3.2/objenesis-3.2.jar:/home/filipbianga/.m2/repository/org/mockito/mockito-junit-jupiter/4.0.0/mockito-junit-jupiter-4.0.0.jar:/home/filipbianga/.m2/repository/org/skyscreamer/jsonassert/1.5.0/jsonassert-1.5.0.jar:/home/filipbianga/.m2/repository/com/vaadin/external/google/android-json/0.0.20131108.vaadin1/android-json-0.0.20131108.vaadin1.jar:/home/filipbianga/.m2/repository/org/springframework/spring-core/5.3.13/spring-core-5.3.13.jar:/home/filipbianga/.m2/repository/org/springframework/spring-jcl/5.3.13/spring-jcl-5.3.13.jar:/home/filipbianga/.m2/repository/org/springframework/spring-test/5.3.13/spring-test-5.3.13.jar:/home/filipbianga/.m2/repository/org/xmlunit/xmlunit-core/2.8.3/xmlunit-core-2.8.3.jar:/home/filipbianga/.m2/repository/jakarta/validation/jakarta.validation-api/2.0.2/jakarta.validation-api-2.0.2.jar:/home/filipbianga/.m2/repository/org/apache/maven/plugins/maven-surefire-plugin/2.22.2/maven-surefire-plugin-2.22.2.jar:/home/filipbianga/.m2/repository/org/apache/maven/surefire/maven-surefire-common/2.22.2/maven-surefire-common-2.22.2.jar:/home/filipbianga/.m2/repository/org/apache/maven/maven-plugin-api/2.2.1/maven-plugin-api-2.2.1.jar:/home/filipbianga/.m2/repository/org/apache/maven/plugin-tools/maven-plugin-annotations/3.5.2/maven-plugin-annotations-3.5.2.jar:/home/filipbianga/.m2/repository/org/apache/maven/surefire/surefire-api/2.22.2/surefire-api-2.22.2.jar:/home/filipbianga/.m2/repository/org/apache/maven/surefire/surefire-logger-api/2.22.2/surefire-logger-api-2.22.2.jar:/home/filipbianga/.m2/repository/org/apache/maven/surefire/surefire-booter/2.22.2/surefire-booter-2.22.2.jar:/home/filipbianga/.m2/repository/org/apache/maven/maven-artifact/2.2.1/maven-artifact-2.2.1.jar:/home/filipbianga/.m2/repository/org/codehaus/plexus/plexus-utils/1.5.15/plexus-utils-1.5.15.jar:/home/filipbianga/.m2/repository/org/apache/maven/maven-plugin-descriptor/2.2.1/maven-plugin-descriptor-2.2.1.jar:/home/filipbianga/.m2/repository/org/codehaus/plexus/plexus-container-default/1.0-alpha-9-stable-1/plexus-container-default-1.0-alpha-9-stable-1.jar:/home/filipbianga/.m2/repository/junit/junit/4.13.2/junit-4.13.2.jar:/home/filipbianga/.m2/repository/org/hamcrest/hamcrest-core/2.2/hamcrest-core-2.2.jar:/home/filipbianga/.m2/repository/org/apache/maven/maven-project/2.2.1/maven-project-2.2.1.jar:/home/filipbianga/.m2/repository/org/apache/maven/maven-settings/2.2.1/maven-settings-2.2.1.jar:/home/filipbianga/.m2/repository/org/apache/maven/maven-profile/2.2.1/maven-profile-2.2.1.jar:/home/filipbianga/.m2/repository/org/apache/maven/maven-artifact-manager/2.2.1/maven-artifact-manager-2.2.1.jar:/home/filipbianga/.m2/repository/backport-util-concurrent/backport-util-concurrent/3.1/backport-util-concurrent-3.1.jar:/home/filipbianga/.m2/repository/org/apache/maven/maven-plugin-registry/2.2.1/maven-plugin-registry-2.2.1.jar:/home/filipbianga/.m2/repository/org/codehaus/plexus/plexus-interpolation/1.11/plexus-interpolation-1.11.jar:/home/filipbianga/.m2/repository/org/apache/maven/maven-model/2.2.1/maven-model-2.2.1.jar:/home/filipbianga/.m2/repository/org/apache/maven/maven-core/2.2.1/maven-core-2.2.1.jar:/home/filipbianga/.m2/repository/org/apache/maven/maven-plugin-parameter-documenter/2.2.1/maven-plugin-parameter-documenter-2.2.1.jar:/home/filipbianga/.m2/repository/org/apache/maven/wagon/wagon-http/1.0-beta-6/wagon-http-1.0-beta-6.jar:/home/filipbianga/.m2/repository/org/apache/maven/wagon/wagon-http-shared/1.0-beta-6/wagon-http-shared-1.0-beta-6.jar:/home/filipbianga/.m2/repository/nekohtml/xercesMinimal/1.9.6.2/xercesMinimal-1.9.6.2.jar:/home/filipbianga/.m2/repository/nekohtml/nekohtml/1.9.6.2/nekohtml-1.9.6.2.jar:/home/filipbianga/.m2/repository/commons-httpclient/commons-httpclient/3.1/commons-httpclient-3.1.jar:/home/filipbianga/.m2/repository/commons-codec/commons-codec/1.15/commons-codec-1.15.jar:/home/filipbianga/.m2/repository/org/apache/maven/wagon/wagon-webdav-jackrabbit/1.0-beta-6/wagon-webdav-jackrabbit-1.0-beta-6.jar:/home/filipbianga/.m2/repository/org/apache/jackrabbit/jackrabbit-webdav/1.5.0/jackrabbit-webdav-1.5.0.jar:/home/filipbianga/.m2/repository/org/apache/jackrabbit/jackrabbit-jcr-commons/1.5.0/jackrabbit-jcr-commons-1.5.0.jar:/home/filipbianga/.m2/repository/org/slf4j/slf4j-nop/1.7.32/slf4j-nop-1.7.32.jar:/home/filipbianga/.m2/repository/org/slf4j/slf4j-jdk14/1.7.32/slf4j-jdk14-1.7.32.jar:/home/filipbianga/.m2/repository/org/slf4j/jcl-over-slf4j/1.7.32/jcl-over-slf4j-1.7.32.jar:/home/filipbianga/.m2/repository/org/apache/maven/reporting/maven-reporting-api/2.2.1/maven-reporting-api-2.2.1.jar:/home/filipbianga/.m2/repository/org/apache/maven/doxia/doxia-logging-api/1.1/doxia-logging-api-1.1.jar:/home/filipbianga/.m2/repository/org/apache/maven/wagon/wagon-provider-api/1.0-beta-6/wagon-provider-api-1.0-beta-6.jar:/home/filipbianga/.m2/repository/org/apache/maven/maven-repository-metadata/2.2.1/maven-repository-metadata-2.2.1.jar:/home/filipbianga/.m2/repository/org/apache/maven/maven-error-diagnostics/2.2.1/maven-error-diagnostics-2.2.1.jar:/home/filipbianga/.m2/repository/org/apache/maven/maven-monitor/2.2.1/maven-monitor-2.2.1.jar:/home/filipbianga/.m2/repository/classworlds/classworlds/1.1/classworlds-1.1.jar:/home/filipbianga/.m2/repository/org/sonatype/plexus/plexus-sec-dispatcher/1.3/plexus-sec-dispatcher-1.3.jar:/home/filipbianga/.m2/repository/org/sonatype/plexus/plexus-cipher/1.4/plexus-cipher-1.4.jar:/home/filipbianga/.m2/repository/org/apache/maven/maven-toolchain/2.2.1/maven-toolchain-2.2.1.jar:/home/filipbianga/.m2/repository/org/codehaus/plexus/plexus-java/0.9.10/plexus-java-0.9.10.jar:/home/filipbianga/.m2/repository/org/ow2/asm/asm/6.2/asm-6.2.jar:/home/filipbianga/.m2/repository/com/thoughtworks/qdox/qdox/2.0-M8/qdox-2.0-M8.jar:/home/filipbianga/.m2/repository/javassist/javassist/3.12.1.GA/javassist-3.12.1.GA.jar:"/>
    <property name="java.vm.vendor" value="AdoptOpenJDK"/>
    <property name="sun.arch.data.model" value="64"/>
    <property name="java.vendor.url" value="https://adoptopenjdk.net/"/>
    <property name="user.timezone" value="Europe/Warsaw"/>
    <property name="os.name" value="Linux"/>
    <property name="java.vm.specification.version" value="16"/>
    <property name="sun.java.launcher" value="SUN_STANDARD"/>
    <property name="user.country" value="PL"/>
    <property name="sun.boot.library.path" value="/home/filipbianga/.sdkman/candidates/java/16.0.0.hs-adpt/lib"/>
    <property name="sun.java.command" value="/home/filipbianga/IdeaProjects/19329_TAU/LAB3/target/surefire/surefirebooter7620650209209053289.jar /home/filipbianga/IdeaProjects/19329_TAU/LAB3/target/surefire 2021-12-18T00-05-33_015-jvmRun1 surefire6707107338328741276tmp surefire_0863412839945106321tmp"/>
    <property name="jdk.debug" value="release"/>
    <property name="surefire.test.class.path" value="/home/filipbianga/IdeaProjects/19329_TAU/LAB3/target/test-classes:/home/filipbianga/IdeaProjects/19329_TAU/LAB3/target/classes:/home/filipbianga/.m2/repository/org/springframework/boot/spring-boot-starter-data-jpa/2.6.1/spring-boot-starter-data-jpa-2.6.1.jar:/home/filipbianga/.m2/repository/org/springframework/boot/spring-boot-starter-aop/2.6.1/spring-boot-starter-aop-2.6.1.jar:/home/filipbianga/.m2/repository/org/springframework/spring-aop/5.3.13/spring-aop-5.3.13.jar:/home/filipbianga/.m2/repository/org/aspectj/aspectjweaver/1.9.7/aspectjweaver-1.9.7.jar:/home/filipbianga/.m2/repository/org/springframework/boot/spring-boot-starter-jdbc/2.6.1/spring-boot-starter-jdbc-2.6.1.jar:/home/filipbianga/.m2/repository/com/zaxxer/HikariCP/4.0.3/HikariCP-4.0.3.jar:/home/filipbianga/.m2/repository/org/springframework/spring-jdbc/5.3.13/spring-jdbc-5.3.13.jar:/home/filipbianga/.m2/repository/jakarta/transaction/jakarta.transaction-api/1.3.3/jakarta.transaction-api-1.3.3.jar:/home/filipbianga/.m2/repository/jakarta/persistence/jakarta.persistence-api/2.2.3/jakarta.persistence-api-2.2.3.jar:/home/filipbianga/.m2/repository/org/hibernate/hibernate-core/5.6.1.Final/hibernate-core-5.6.1.Final.jar:/home/filipbianga/.m2/repository/org/jboss/logging/jboss-logging/3.4.2.Final/jboss-logging-3.4.2.Final.jar:/home/filipbianga/.m2/repository/net/bytebuddy/byte-buddy/1.11.22/byte-buddy-1.11.22.jar:/home/filipbianga/.m2/repository/antlr/antlr/2.7.7/antlr-2.7.7.jar:/home/filipbianga/.m2/repository/org/jboss/jandex/2.2.3.Final/jandex-2.2.3.Final.jar:/home/filipbianga/.m2/repository/com/fasterxml/classmate/1.5.1/classmate-1.5.1.jar:/home/filipbianga/.m2/repository/org/hibernate/common/hibernate-commons-annotations/5.1.2.Final/hibernate-commons-annotations-5.1.2.Final.jar:/home/filipbianga/.m2/repository/org/glassfish/jaxb/jaxb-runtime/2.3.5/jaxb-runtime-2.3.5.jar:/home/filipbianga/.m2/repository/org/glassfish/jaxb/txw2/2.3.5/txw2-2.3.5.jar:/home/filipbianga/.m2/repository/com/sun/istack/istack-commons-runtime/3.0.12/istack-commons-runtime-3.0.12.jar:/home/filipbianga/.m2/repository/com/sun/activation/jakarta.activation/1.2.2/jakarta.activation-1.2.2.jar:/home/filipbianga/.m2/repository/org/springframework/data/spring-data-jpa/2.6.0/spring-data-jpa-2.6.0.jar:/home/filipbianga/.m2/repository/org/springframework/data/spring-data-commons/2.6.0/spring-data-commons-2.6.0.jar:/home/filipbianga/.m2/repository/org/springframework/spring-orm/5.3.13/spring-orm-5.3.13.jar:/home/filipbianga/.m2/repository/org/springframework/spring-context/5.3.13/spring-context-5.3.13.jar:/home/filipbianga/.m2/repository/org/springframework/spring-tx/5.3.13/spring-tx-5.3.13.jar:/home/filipbianga/.m2/repository/org/springframework/spring-beans/5.3.13/spring-beans-5.3.13.jar:/home/filipbianga/.m2/repository/org/slf4j/slf4j-api/1.7.32/slf4j-api-1.7.32.jar:/home/filipbianga/.m2/repository/org/springframework/spring-aspects/5.3.13/spring-aspects-5.3.13.jar:/home/filipbianga/.m2/repository/org/springframework/boot/spring-boot-starter-web/2.6.1/spring-boot-starter-web-2.6.1.jar:/home/filipbianga/.m2/repository/org/springframework/boot/spring-boot-starter/2.6.1/spring-boot-starter-2.6.1.jar:/home/filipbianga/.m2/repository/org/springframework/boot/spring-boot-starter-logging/2.6.1/spring-boot-starter-logging-2.6.1.jar:/home/filipbianga/.m2/repository/ch/qos/logback/logback-classic/1.2.7/logback-classic-1.2.7.jar:/home/filipbianga/.m2/repository/ch/qos/logback/logback-core/1.2.7/logback-core-1.2.7.jar:/home/filipbianga/.m2/repository/org/apache/logging/log4j/log4j-to-slf4j/2.14.1/log4j-to-slf4j-2.14.1.jar:/home/filipbianga/.m2/repository/org/apache/logging/log4j/log4j-api/2.14.1/log4j-api-2.14.1.jar:/home/filipbianga/.m2/repository/org/slf4j/jul-to-slf4j/1.7.32/jul-to-slf4j-1.7.32.jar:/home/filipbianga/.m2/repository/jakarta/annotation/jakarta.annotation-api/1.3.5/jakarta.annotation-api-1.3.5.jar:/home/filipbianga/.m2/repository/org/yaml/snakeyaml/1.29/snakeyaml-1.29.jar:/home/filipbianga/.m2/repository/org/springframework/boot/spring-boot-starter-json/2.6.1/spring-boot-starter-json-2.6.1.jar:/home/filipbianga/.m2/repository/com/fasterxml/jackson/core/jackson-databind/2.13.0/jackson-databind-2.13.0.jar:/home/filipbianga/.m2/repository/com/fasterxml/jackson/core/jackson-annotations/2.13.0/jackson-annotations-2.13.0.jar:/home/filipbianga/.m2/repository/com/fasterxml/jackson/core/jackson-core/2.13.0/jackson-core-2.13.0.jar:/home/filipbianga/.m2/repository/com/fasterxml/jackson/datatype/jackson-datatype-jdk8/2.13.0/jackson-datatype-jdk8-2.13.0.jar:/home/filipbianga/.m2/repository/com/fasterxml/jackson/datatype/jackson-datatype-jsr310/2.13.0/jackson-datatype-jsr310-2.13.0.jar:/home/filipbianga/.m2/repository/com/fasterxml/jackson/module/jackson-module-parameter-names/2.13.0/jackson-module-parameter-names-2.13.0.jar:/home/filipbianga/.m2/repository/org/springframework/boot/spring-boot-starter-tomcat/2.6.1/spring-boot-starter-tomcat-2.6.1.jar:/home/filipbianga/.m2/repository/org/apache/tomcat/embed/tomcat-embed-core/9.0.55/tomcat-embed-core-9.0.55.jar:/home/filipbianga/.m2/repository/org/apache/tomcat/embed/tomcat-embed-el/9.0.55/tomcat-embed-el-9.0.55.jar:/home/filipbianga/.m2/repository/org/apache/tomcat/embed/tomcat-embed-websocket/9.0.55/tomcat-embed-websocket-9.0.55.jar:/home/filipbianga/.m2/repository/org/springframework/spring-web/5.3.13/spring-web-5.3.13.jar:/home/filipbianga/.m2/repository/org/springframework/spring-webmvc/5.3.13/spring-webmvc-5.3.13.jar:/home/filipbianga/.m2/repository/org/springframework/spring-expression/5.3.13/spring-expression-5.3.13.jar:/home/filipbianga/.m2/repository/org/springframework/boot/spring-boot-devtools/2.6.1/spring-boot-devtools-2.6.1.jar:/home/filipbianga/.m2/repository/org/springframework/boot/spring-boot/2.6.1/spring-boot-2.6.1.jar:/home/filipbianga/.m2/repository/org/springframework/boot/spring-boot-autoconfigure/2.6.1/spring-boot-autoconfigure-2.6.1.jar:/home/filipbianga/.m2/repository/mysql/mysql-connector-java/8.0.27/mysql-connector-java-8.0.27.jar:/home/filipbianga/.m2/repository/org/projectlombok/lombok/1.18.22/lombok-1.18.22.jar:/home/filipbianga/.m2/repository/org/springframework/boot/spring-boot-starter-test/2.6.1/spring-boot-starter-test-2.6.1.jar:/home/filipbianga/.m2/repository/org/springframework/boot/spring-boot-test/2.6.1/spring-boot-test-2.6.1.jar:/home/filipbianga/.m2/repository/org/springframework/boot/spring-boot-test-autoconfigure/2.6.1/spring-boot-test-autoconfigure-2.6.1.jar:/home/filipbianga/.m2/repository/com/jayway/jsonpath/json-path/2.6.0/json-path-2.6.0.jar:/home/filipbianga/.m2/repository/net/minidev/json-smart/2.4.7/json-smart-2.4.7.jar:/home/filipbianga/.m2/repository/net/minidev/accessors-smart/2.4.7/accessors-smart-2.4.7.jar:/home/filipbianga/.m2/repository/jakarta/xml/bind/jakarta.xml.bind-api/2.3.3/jakarta.xml.bind-api-2.3.3.jar:/home/filipbianga/.m2/repository/jakarta/activation/jakarta.activation-api/1.2.2/jakarta.activation-api-1.2.2.jar:/home/filipbianga/.m2/repository/org/assertj/assertj-core/3.21.0/assertj-core-3.21.0.jar:/home/filipbianga/.m2/repository/org/hamcrest/hamcrest/2.2/hamcrest-2.2.jar:/home/filipbianga/.m2/repository/org/junit/jupiter/junit-jupiter/5.8.1/junit-jupiter-5.8.1.jar:/home/filipbianga/.m2/repository/org/junit/jupiter/junit-jupiter-api/5.8.1/junit-jupiter-api-5.8.1.jar:/home/filipbianga/.m2/repository/org/opentest4j/opentest4j/1.2.0/opentest4j-1.2.0.jar:/home/filipbianga/.m2/repository/org/junit/platform/junit-platform-commons/1.8.1/junit-platform-commons-1.8.1.jar:/home/filipbianga/.m2/repository/org/apiguardian/apiguardian-api/1.1.2/apiguardian-api-1.1.2.jar:/home/filipbianga/.m2/repository/org/junit/jupiter/junit-jupiter-params/5.8.1/junit-jupiter-params-5.8.1.jar:/home/filipbianga/.m2/repository/org/junit/jupiter/junit-jupiter-engine/5.8.1/junit-jupiter-engine-5.8.1.jar:/home/filipbianga/.m2/repository/org/junit/platform/junit-platform-engine/1.8.1/junit-platform-engine-1.8.1.jar:/home/filipbianga/.m2/repository/org/mockito/mockito-core/4.0.0/mockito-core-4.0.0.jar:/home/filipbianga/.m2/repository/net/bytebuddy/byte-buddy-agent/1.11.22/byte-buddy-agent-1.11.22.jar:/home/filipbianga/.m2/repository/org/objenesis/objenesis/3.2/objenesis-3.2.jar:/home/filipbianga/.m2/repository/org/mockito/mockito-junit-jupiter/4.0.0/mockito-junit-jupiter-4.0.0.jar:/home/filipbianga/.m2/repository/org/skyscreamer/jsonassert/1.5.0/jsonassert-1.5.0.jar:/home/filipbianga/.m2/repository/com/vaadin/external/google/android-json/0.0.20131108.vaadin1/android-json-0.0.20131108.vaadin1.jar:/home/filipbianga/.m2/repository/org/springframework/spring-core/5.3.13/spring-core-5.3.13.jar:/home/filipbianga/.m2/repository/org/springframework/spring-jcl/5.3.13/spring-jcl-5.3.13.jar:/home/filipbianga/.m2/repository/org/springframework/spring-test/5.3.13/spring-test-5.3.13.jar:/home/filipbianga/.m2/repository/org/xmlunit/xmlunit-core/2.8.3/xmlunit-core-2.8.3.jar:/home/filipbianga/.m2/repository/jakarta/validation/jakarta.validation-api/2.0.2/jakarta.validation-api-2.0.2.jar:/home/filipbianga/.m2/repository/org/apache/maven/plugins/maven-surefire-plugin/2.22.2/maven-surefire-plugin-2.22.2.jar:/home/filipbianga/.m2/repository/org/apache/maven/surefire/maven-surefire-common/2.22.2/maven-surefire-common-2.22.2.jar:/home/filipbianga/.m2/repository/org/apache/maven/maven-plugin-api/2.2.1/maven-plugin-api-2.2.1.jar:/home/filipbianga/.m2/repository/org/apache/maven/plugin-tools/maven-plugin-annotations/3.5.2/maven-plugin-annotations-3.5.2.jar:/home/filipbianga/.m2/repository/org/apache/maven/surefire/surefire-api/2.22.2/surefire-api-2.22.2.jar:/home/filipbianga/.m2/repository/org/apache/maven/surefire/surefire-logger-api/2.22.2/surefire-logger-api-2.22.2.jar:/home/filipbianga/.m2/repository/org/apache/maven/surefire/surefire-booter/2.22.2/surefire-booter-2.22.2.jar:/home/filipbianga/.m2/repository/org/apache/maven/maven-artifact/2.2.1/maven-artifact-2.2.1.jar:/home/filipbianga/.m2/repository/org/codehaus/plexus/plexus-utils/1.5.15/plexus-utils-1.5.15.jar:/home/filipbianga/.m2/repository/org/apache/maven/maven-plugin-descriptor/2.2.1/maven-plugin-descriptor-2.2.1.jar:/home/filipbianga/.m2/repository/org/codehaus/plexus/plexus-container-default/1.0-alpha-9-stable-1/plexus-container-default-1.0-alpha-9-stable-1.jar:/home/filipbianga/.m2/repository/junit/junit/4.13.2/junit-4.13.2.jar:/home/filipbianga/.m2/repository/org/hamcrest/hamcrest-core/2.2/hamcrest-core-2.2.jar:/home/filipbianga/.m2/repository/org/apache/maven/maven-project/2.2.1/maven-project-2.2.1.jar:/home/filipbianga/.m2/repository/org/apache/maven/maven-settings/2.2.1/maven-settings-2.2.1.jar:/home/filipbianga/.m2/repository/org/apache/maven/maven-profile/2.2.1/maven-profile-2.2.1.jar:/home/filipbianga/.m2/repository/org/apache/maven/maven-artifact-manager/2.2.1/maven-artifact-manager-2.2.1.jar:/home/filipbianga/.m2/repository/backport-util-concurrent/backport-util-concurrent/3.1/backport-util-concurrent-3.1.jar:/home/filipbianga/.m2/repository/org/apache/maven/maven-plugin-registry/2.2.1/maven-plugin-registry-2.2.1.jar:/home/filipbianga/.m2/repository/org/codehaus/plexus/plexus-interpolation/1.11/plexus-interpolation-1.11.jar:/home/filipbianga/.m2/repository/org/apache/maven/maven-model/2.2.1/maven-model-2.2.1.jar:/home/filipbianga/.m2/repository/org/apache/maven/maven-core/2.2.1/maven-core-2.2.1.jar:/home/filipbianga/.m2/repository/org/apache/maven/maven-plugin-parameter-documenter/2.2.1/maven-plugin-parameter-documenter-2.2.1.jar:/home/filipbianga/.m2/repository/org/apache/maven/wagon/wagon-http/1.0-beta-6/wagon-http-1.0-beta-6.jar:/home/filipbianga/.m2/repository/org/apache/maven/wagon/wagon-http-shared/1.0-beta-6/wagon-http-shared-1.0-beta-6.jar:/home/filipbianga/.m2/repository/nekohtml/xercesMinimal/1.9.6.2/xercesMinimal-1.9.6.2.jar:/home/filipbianga/.m2/repository/nekohtml/nekohtml/1.9.6.2/nekohtml-1.9.6.2.jar:/home/filipbianga/.m2/repository/commons-httpclient/commons-httpclient/3.1/commons-httpclient-3.1.jar:/home/filipbianga/.m2/repository/commons-codec/commons-codec/1.15/commons-codec-1.15.jar:/home/filipbianga/.m2/repository/org/apache/maven/wagon/wagon-webdav-jackrabbit/1.0-beta-6/wagon-webdav-jackrabbit-1.0-beta-6.jar:/home/filipbianga/.m2/repository/org/apache/jackrabbit/jackrabbit-webdav/1.5.0/jackrabbit-webdav-1.5.0.jar:/home/filipbianga/.m2/repository/org/apache/jackrabbit/jackrabbit-jcr-commons/1.5.0/jackrabbit-jcr-commons-1.5.0.jar:/home/filipbianga/.m2/repository/org/slf4j/slf4j-nop/1.7.32/slf4j-nop-1.7.32.jar:/home/filipbianga/.m2/repository/org/slf4j/slf4j-jdk14/1.7.32/slf4j-jdk14-1.7.32.jar:/home/filipbianga/.m2/repository/org/slf4j/jcl-over-slf4j/1.7.32/jcl-over-slf4j-1.7.32.jar:/home/filipbianga/.m2/repository/org/apache/maven/reporting/maven-reporting-api/2.2.1/maven-reporting-api-2.2.1.jar:/home/filipbianga/.m2/repository/org/apache/maven/doxia/doxia-logging-api/1.1/doxia-logging-api-1.1.jar:/home/filipbianga/.m2/repository/org/apache/maven/wagon/wagon-provider-api/1.0-beta-6/wagon-provider-api-1.0-beta-6.jar:/home/filipbianga/.m2/repository/org/apache/maven/maven-repository-metadata/2.2.1/maven-repository-metadata-2.2.1.jar:/home/filipbianga/.m2/repository/org/apache/maven/maven-error-diagnostics/2.2.1/maven-error-diagnostics-2.2.1.jar:/home/filipbianga/.m2/repository/org/apache/maven/maven-monitor/2.2.1/maven-monitor-2.2.1.jar:/home/filipbianga/.m2/repository/classworlds/classworlds/1.1/classworlds-1.1.jar:/home/filipbianga/.m2/repository/org/sonatype/plexus/plexus-sec-dispatcher/1.3/plexus-sec-dispatcher-1.3.jar:/home/filipbianga/.m2/repository/org/sonatype/plexus/plexus-cipher/1.4/plexus-cipher-1.4.jar:/home/filipbianga/.m2/repository/org/apache/maven/maven-toolchain/2.2.1/maven-toolchain-2.2.1.jar:/home/filipbianga/.m2/repository/org/codehaus/plexus/plexus-java/0.9.10/plexus-java-0.9.10.jar:/home/filipbianga/.m2/repository/org/ow2/asm/asm/6.2/asm-6.2.jar:/home/filipbianga/.m2/repository/com/thoughtworks/qdox/qdox/2.0-M8/qdox-2.0-M8.jar:/home/filipbianga/.m2/repository/javassist/javassist/3.12.1.GA/javassist-3.12.1.GA.jar:"/>
    <property name="sun.cpu.endian" value="little"/>
    <property name="user.home" value="/home/filipbianga"/>
    <property name="user.language" value="pl"/>
    <property name="java.specification.vendor" value="Oracle Corporation"/>
    <property name="java.version.date" value="2021-03-16"/>
    <property name="java.home" value="/home/filipbianga/.sdkman/candidates/java/16.0.0.hs-adpt"/>
    <property name="file.separator" value="/"/>
    <property name="basedir" value="/home/filipbianga/IdeaProjects/19329_TAU/LAB3"/>
    <property name="java.vm.compressedOopsMode" value="Zero based"/>
    <property name="line.separator" value="&#10;"/>
    <property name="java.specification.name" value="Java Platform API Specification"/>
    <property name="java.vm.specification.vendor" value="Oracle Corporation"/>
    <property name="FILE_LOG_CHARSET" value="UTF-8"/>
    <property name="java.awt.headless" value="true"/>
    <property name="surefire.real.class.path" value="/home/filipbianga/IdeaProjects/19329_TAU/LAB3/target/surefire/surefirebooter7620650209209053289.jar"/>
    <property name="sun.management.compiler" value="HotSpot 64-Bit Tiered Compilers"/>
    <property name="java.runtime.version" value="16+36"/>
    <property name="user.name" value="filipbianga"/>
    <property name="path.separator" value=":"/>
    <property name="os.version" value="5.13.0-7620-generic"/>
    <property name="java.runtime.name" value="OpenJDK Runtime Environment"/>
    <property name="file.encoding" value="UTF-8"/>
    <property name="spring.beaninfo.ignore" value="true"/>
    <property name="java.vm.name" value="OpenJDK 64-Bit Server VM"/>
    <property name="java.vendor.version" value="AdoptOpenJDK"/>
    <property name="localRepository" value="/home/filipbianga/.m2/repository"/>
    <property name="java.vendor.url.bug" value="https://github.com/AdoptOpenJDK/openjdk-support/issues"/>
    <property name="java.io.tmpdir" value="/tmp"/>
    <property name="java.version" value="16"/>
    <property name="user.dir" value="/home/filipbianga/IdeaProjects/19329_TAU/LAB3"/>
    <property name="os.arch" value="amd64"/>
    <property name="java.vm.specification.name" value="Java Virtual Machine Specification"/>
    <property name="PID" value="31382"/>
    <property name="CONSOLE_LOG_CHARSET" value="UTF-8"/>
    <property name="java.library.path" value="/usr/lib/cuda/include:/usr/lib/cuda/lib64::/usr/java/packages/lib:/usr/lib64:/lib64:/lib:/usr/lib"/>
    <property name="java.vm.info" value="mixed mode, sharing"/>
    <property name="java.vendor" value="AdoptOpenJDK"/>
    <property name="java.vm.version" value="16+36"/>
    <property name="sun.io.unicode.encoding" value="UnicodeLittle"/>
    <property name="java.class.version" value="60.0"/>
  </properties>
  <testcase name="getPatientById_success" classname="com.example.LAB3.PatientRecordControllerTest" time="0.19">
    <system-out><![CDATA[00:05:34.001 [main] DEBUG org.springframework.test.context.BootstrapUtils - Instantiating CacheAwareContextLoaderDelegate from class [org.springframework.test.context.cache.DefaultCacheAwareContextLoaderDelegate]
00:05:34.009 [main] DEBUG org.springframework.test.context.BootstrapUtils - Instantiating BootstrapContext using constructor [public org.springframework.test.context.support.DefaultBootstrapContext(java.lang.Class,org.springframework.test.context.CacheAwareContextLoaderDelegate)]
00:05:34.047 [main] DEBUG org.springframework.test.context.BootstrapUtils - Instantiating TestContextBootstrapper for test class [com.example.LAB3.PatientRecordControllerTest] from class [org.springframework.boot.test.autoconfigure.web.servlet.WebMvcTestContextBootstrapper]
00:05:34.057 [main] INFO org.springframework.boot.test.autoconfigure.web.servlet.WebMvcTestContextBootstrapper - Neither @ContextConfiguration nor @ContextHierarchy found for test class [com.example.LAB3.PatientRecordControllerTest], using SpringBootContextLoader
00:05:34.061 [main] DEBUG org.springframework.test.context.support.AbstractContextLoader - Did not detect default resource location for test class [com.example.LAB3.PatientRecordControllerTest]: class path resource [com/example/LAB3/PatientRecordControllerTest-context.xml] does not exist
00:05:34.061 [main] DEBUG org.springframework.test.context.support.AbstractContextLoader - Did not detect default resource location for test class [com.example.LAB3.PatientRecordControllerTest]: class path resource [com/example/LAB3/PatientRecordControllerTestContext.groovy] does not exist
00:05:34.062 [main] INFO org.springframework.test.context.support.AbstractContextLoader - Could not detect default resource locations for test class [com.example.LAB3.PatientRecordControllerTest]: no resource found for suffixes {-context.xml, Context.groovy}.
00:05:34.062 [main] INFO org.springframework.test.context.support.AnnotationConfigContextLoaderUtils - Could not detect default configuration classes for test class [com.example.LAB3.PatientRecordControllerTest]: PatientRecordControllerTest does not declare any static, non-private, non-final, nested classes annotated with @Configuration.
00:05:34.129 [main] DEBUG org.springframework.test.context.support.ActiveProfilesUtils - Could not find an 'annotation declaring class' for annotation type [org.springframework.test.context.ActiveProfiles] and class [com.example.LAB3.PatientRecordControllerTest]
00:05:34.176 [main] DEBUG org.springframework.context.annotation.ClassPathScanningCandidateComponentProvider - Identified candidate component class: file [/home/filipbianga/IdeaProjects/19329_TAU/LAB3/target/classes/com/example/LAB3/DemoApplication.class]
00:05:34.192 [main] INFO org.springframework.boot.test.context.SpringBootTestContextBootstrapper - Found @SpringBootConfiguration com.example.LAB3.DemoApplication for test class com.example.LAB3.PatientRecordControllerTest
00:05:34.195 [main] DEBUG org.springframework.boot.test.autoconfigure.web.servlet.WebMvcTestContextBootstrapper - @TestExecutionListeners is not present for class [com.example.LAB3.PatientRecordControllerTest]: using defaults.
00:05:34.196 [main] INFO org.springframework.boot.test.autoconfigure.web.servlet.WebMvcTestContextBootstrapper - Loaded default TestExecutionListener class names from location [META-INF/spring.factories]: [org.springframework.boot.test.mock.mockito.MockitoTestExecutionListener, org.springframework.boot.test.mock.mockito.ResetMocksTestExecutionListener, org.springframework.boot.test.autoconfigure.restdocs.RestDocsTestExecutionListener, org.springframework.boot.test.autoconfigure.web.client.MockRestServiceServerResetTestExecutionListener, org.springframework.boot.test.autoconfigure.web.servlet.MockMvcPrintOnlyOnFailureTestExecutionListener, org.springframework.boot.test.autoconfigure.web.servlet.WebDriverTestExecutionListener, org.springframework.boot.test.autoconfigure.webservices.client.MockWebServiceServerTestExecutionListener, org.springframework.test.context.web.ServletTestExecutionListener, org.springframework.test.context.support.DirtiesContextBeforeModesTestExecutionListener, org.springframework.test.context.event.ApplicationEventsTestExecutionListener, org.springframework.test.context.support.DependencyInjectionTestExecutionListener, org.springframework.test.context.support.DirtiesContextTestExecutionListener, org.springframework.test.context.transaction.TransactionalTestExecutionListener, org.springframework.test.context.jdbc.SqlScriptsTestExecutionListener, org.springframework.test.context.event.EventPublishingTestExecutionListener]
00:05:34.212 [main] INFO org.springframework.boot.test.autoconfigure.web.servlet.WebMvcTestContextBootstrapper - Using TestExecutionListeners: [org.springframework.test.context.web.ServletTestExecutionListener@3e74829, org.springframework.test.context.support.DirtiesContextBeforeModesTestExecutionListener@4f6f416f, org.springframework.test.context.event.ApplicationEventsTestExecutionListener@3b8f0a79, org.springframework.boot.test.mock.mockito.MockitoTestExecutionListener@71e693fa, org.springframework.boot.test.autoconfigure.SpringBootDependencyInjectionTestExecutionListener@48793bef, org.springframework.test.context.support.DirtiesContextTestExecutionListener@7d286fb6, org.springframework.test.context.transaction.TransactionalTestExecutionListener@3eb77ea8, org.springframework.test.context.jdbc.SqlScriptsTestExecutionListener@7b8b43c7, org.springframework.test.context.event.EventPublishingTestExecutionListener@7aaca91a, org.springframework.boot.test.mock.mockito.ResetMocksTestExecutionListener@44c73c26, org.springframework.boot.test.autoconfigure.restdocs.RestDocsTestExecutionListener@41005828, org.springframework.boot.test.autoconfigure.web.client.MockRestServiceServerResetTestExecutionListener@60b4beb4, org.springframework.boot.test.autoconfigure.web.servlet.MockMvcPrintOnlyOnFailureTestExecutionListener@7fcf2fc1, org.springframework.boot.test.autoconfigure.web.servlet.WebDriverTestExecutionListener@2141a12, org.springframework.boot.test.autoconfigure.webservices.client.MockWebServiceServerTestExecutionListener@4196c360]
00:05:34.216 [main] DEBUG org.springframework.test.context.support.AbstractDirtiesContextTestExecutionListener - Before test class: context [DefaultTestContext@20f5281c testClass = PatientRecordControllerTest, testInstance = [null], testMethod = [null], testException = [null], mergedContextConfiguration = [WebMergedContextConfiguration@56c4278e testClass = PatientRecordControllerTest, locations = '{}', classes = '{class com.example.LAB3.DemoApplication}', contextInitializerClasses = '[]', activeProfiles = '{}', propertySourceLocations = '{}', propertySourceProperties = '{org.springframework.boot.test.autoconfigure.web.servlet.WebMvcTestContextBootstrapper=true}', contextCustomizers = set[[ImportsContextCustomizer@301eda63 key = [org.springframework.boot.autoconfigure.cache.CacheAutoConfiguration, org.springframework.boot.autoconfigure.context.MessageSourceAutoConfiguration, org.springframework.boot.autoconfigure.data.web.SpringDataWebAutoConfiguration, org.springframework.boot.autoconfigure.freemarker.FreeMarkerAutoConfiguration, org.springframework.boot.autoconfigure.groovy.template.GroovyTemplateAutoConfiguration, org.springframework.boot.autoconfigure.gson.GsonAutoConfiguration, org.springframework.boot.autoconfigure.hateoas.HypermediaAutoConfiguration, org.springframework.boot.autoconfigure.http.HttpMessageConvertersAutoConfiguration, org.springframework.boot.autoconfigure.jackson.JacksonAutoConfiguration, org.springframework.boot.autoconfigure.jsonb.JsonbAutoConfiguration, org.springframework.boot.autoconfigure.mustache.MustacheAutoConfiguration, org.springframework.boot.autoconfigure.task.TaskExecutionAutoConfiguration, org.springframework.boot.autoconfigure.thymeleaf.ThymeleafAutoConfiguration, org.springframework.boot.autoconfigure.validation.ValidationAutoConfiguration, org.springframework.boot.autoconfigure.web.servlet.error.ErrorMvcAutoConfiguration, org.springframework.boot.autoconfigure.web.servlet.HttpEncodingAutoConfiguration, org.springframework.boot.autoconfigure.web.servlet.WebMvcAutoConfiguration, org.springframework.boot.test.autoconfigure.web.servlet.MockMvcAutoConfiguration, org.springframework.boot.test.autoconfigure.web.servlet.MockMvcWebClientAutoConfiguration, org.springframework.boot.test.autoconfigure.web.servlet.MockMvcWebDriverAutoConfiguration, org.springframework.boot.autoconfigure.security.oauth2.client.servlet.OAuth2ClientAutoConfiguration, org.springframework.boot.autoconfigure.security.oauth2.resource.servlet.OAuth2ResourceServerAutoConfiguration, org.springframework.boot.autoconfigure.security.servlet.SecurityAutoConfiguration, org.springframework.boot.autoconfigure.security.servlet.SecurityFilterAutoConfiguration, org.springframework.boot.autoconfigure.security.servlet.UserDetailsServiceAutoConfiguration, org.springframework.boot.test.autoconfigure.web.servlet.MockMvcSecurityConfiguration, org.springframework.boot.test.autoconfigure.web.reactive.WebTestClientAutoConfiguration]], org.springframework.boot.test.context.filter.ExcludeFilterContextCustomizer@8462f31, org.springframework.boot.test.json.DuplicateJsonObjectContextCustomizerFactory$DuplicateJsonObjectContextCustomizer@70ed52de, org.springframework.boot.test.mock.mockito.MockitoContextCustomizer@ac219147, org.springframework.boot.test.autoconfigure.OverrideAutoConfigurationContextCustomizerFactory$DisableAutoConfigurationContextCustomizer@4f32a3ad, org.springframework.boot.test.autoconfigure.actuate.metrics.MetricsExportContextCustomizerFactory$DisableMetricExportContextCustomizer@7d900ecf, org.springframework.boot.test.autoconfigure.filter.TypeExcludeFiltersContextCustomizer@2d2561d9, org.springframework.boot.test.autoconfigure.properties.PropertyMappingContextCustomizer@2d97b0b0, org.springframework.boot.test.autoconfigure.web.servlet.WebDriverContextCustomizerFactory$Customizer@1b919693, org.springframework.boot.test.context.SpringBootTestArgs@1, org.springframework.boot.test.context.SpringBootTestWebEnvironment@0], resourceBasePath = 'src/main/webapp', contextLoader = 'org.springframework.boot.test.context.SpringBootContextLoader', parent = [null]], attributes = map[[empty]]], class annotated with @DirtiesContext [false] with mode [null].
00:05:34.270 [main] DEBUG org.springframework.boot.ApplicationServletEnvironment - Activating profiles []
00:05:34.287 [main] DEBUG org.springframework.test.context.support.TestPropertySourceUtils - Adding inlined properties to environment: {spring.jmx.enabled=false, org.springframework.boot.test.autoconfigure.web.servlet.WebMvcTestContextBootstrapper=true}

  .   ____          _            __ _ _
 /\\ / ___'_ __ _ _(_)_ __  __ _ \ \ \ \
( ( )\___ | '_ | '_| | '_ \/ _` | \ \ \ \
 \\/  ___)| |_)| | | | | || (_| |  ) ) ) )
  '  |____| .__|_| |_|_| |_\__, | / / / /
 =========|_|==============|___/=/_/_/_/
 :: Spring Boot ::                (v2.6.1)

2021-12-18 00:05:34.552  INFO 31382 --- [           main] c.e.LAB3.PatientRecordControllerTest     : Starting PatientRecordControllerTest using Java 16 on pop-os with PID 31382 (started by filipbianga in /home/filipbianga/IdeaProjects/19329_TAU/LAB3)
2021-12-18 00:05:34.553  INFO 31382 --- [           main] c.e.LAB3.PatientRecordControllerTest     : No active profile set, falling back to default profiles: default
2021-12-18 00:05:36.023  INFO 31382 --- [           main] o.s.b.t.m.w.SpringBootMockServletContext : Initializing Spring TestDispatcherServlet ''
2021-12-18 00:05:36.023  INFO 31382 --- [           main] o.s.t.web.servlet.TestDispatcherServlet  : Initializing Servlet ''
2021-12-18 00:05:36.024  INFO 31382 --- [           main] o.s.t.web.servlet.TestDispatcherServlet  : Completed initialization in 1 ms
2021-12-18 00:05:36.052  INFO 31382 --- [           main] c.e.LAB3.PatientRecordControllerTest     : Started PatientRecordControllerTest in 1.763 seconds (JVM running for 2.786)
]]></system-out>
    <system-err><![CDATA[SLF4J: Class path contains multiple SLF4J bindings.
SLF4J: Found binding in [jar:file:/home/filipbianga/.m2/repository/ch/qos/logback/logback-classic/1.2.7/logback-classic-1.2.7.jar!/org/slf4j/impl/StaticLoggerBinder.class]
SLF4J: Found binding in [jar:file:/home/filipbianga/.m2/repository/org/slf4j/slf4j-nop/1.7.32/slf4j-nop-1.7.32.jar!/org/slf4j/impl/StaticLoggerBinder.class]
SLF4J: Found binding in [jar:file:/home/filipbianga/.m2/repository/org/slf4j/slf4j-jdk14/1.7.32/slf4j-jdk14-1.7.32.jar!/org/slf4j/impl/StaticLoggerBinder.class]
SLF4J: See http://www.slf4j.org/codes.html#multiple_bindings for an explanation.
SLF4J: Actual binding is of type [ch.qos.logback.classic.util.ContextSelectorStaticBinder]
]]></system-err>
  </testcase>
  <testcase name="updatePatientRecord_success" classname="com.example.LAB3.PatientRecordControllerTest" time="0.049"/>
  <testcase name="getAllRecords_success" classname="com.example.LAB3.PatientRecordControllerTest" time="0.011"/>
  <testcase name="createRecord_success" classname="com.example.LAB3.PatientRecordControllerTest" time="0.009"/>
  <testcase name="updatePatientRecord_recordNotFound" classname="com.example.LAB3.PatientRecordControllerTest" time="0.01">
    <failure type="java.lang.AssertionError"><![CDATA[java.lang.AssertionError: Status expected:<400> but was:<200>
	at com.example.LAB3.PatientRecordControllerTest.updatePatientRecord_recordNotFound(PatientRecordControllerTest.java:137)
]]></failure>
    <system-out><![CDATA[
MockHttpServletRequest:
      HTTP Method = POST
      Request URI = /patient
       Parameters = {}
          Headers = [Content-Type:"application/json;charset=UTF-8", Accept:"application/json", Content-Length:"79"]
             Body = {"patientId":5,"name":"Sherlock Holmes","age":40,"address":"221B Baker Street"}
    Session Attrs = {}

Handler:
             Type = com.example.LAB3.PatientRecordController
           Method = com.example.LAB3.PatientRecordController#createRecord(PatientRecord)

Async:
    Async started = false
     Async result = null

Resolved Exception:
             Type = null

ModelAndView:
        View name = null
             View = null
            Model = null

FlashMap:
       Attributes = null

MockHttpServletResponse:
           Status = 200
    Error message = null
          Headers = []
     Content type = null
             Body = 
    Forwarded URL = null
   Redirected URL = null
          Cookies = []
]]></system-out>
  </testcase>
  <testcase name="deletePatientById_success" classname="com.example.LAB3.PatientRecordControllerTest" time="0.009"/>
</testsuite>